c:\users\compu\desktop\n2\n2\n2\debug\n2.pdb
c:\users\compu\desktop\n2\n2\n2\debug\n2.idb
c:\users\compu\desktop\n2\n2\n2\debug\rendersystem.obj
c:\users\compu\desktop\n2\n2\n2\debug\loader.obj
c:\users\compu\desktop\n2\n2\n2\debug\lightsource.obj
c:\users\compu\desktop\n2\n2\n2\debug\component.obj
c:\users\compu\desktop\n2\n2\n2\debug\entity.obj
c:\users\compu\desktop\n2\n2\n2\debug\rendercomponent.obj
c:\users\compu\desktop\n2\n2\n2\debug\primitives.obj
c:\users\compu\desktop\n2\n2\n2\debug\physicssystem.obj
c:\users\compu\desktop\n2\n2\n2\debug\collidercomponent.obj
c:\users\compu\desktop\n2\n2\n2\debug\framebuffer.obj
c:\users\compu\desktop\n2\n2\n2\debug\rendererlit.obj
c:\users\compu\desktop\n2\n2\n2\debug\renderershadow.obj
c:\users\compu\desktop\n2\n2\n2\debug\renderergrass.obj
c:\users\compu\desktop\n2\n2\n2\debug\renderer.obj
c:\users\compu\desktop\n2\n2\n2\debug\particlesystem.obj
c:\users\compu\desktop\n2\n2\n2\debug\particlecomponent.obj
c:\users\compu\desktop\n2\n2\n2\debug\rendererparticle.obj
c:\users\compu\desktop\n2\n2\n2\debug\batchdata.obj
c:\users\compu\desktop\n2\n2\n2\debug\rendererterrain.obj
c:\users\compu\desktop\n2\n2\n2\debug\terrain.obj
c:\users\compu\desktop\n2\n2\n2\debug\uicomponent.obj
c:\users\compu\desktop\n2\n2\n2\debug\vector3.obj
c:\users\compu\desktop\n2\n2\n2\debug\transformcomponent.obj
c:\users\compu\desktop\n2\n2\n2\debug\timer.obj
c:\users\compu\desktop\n2\n2\n2\debug\shaderprogram.obj
c:\users\compu\desktop\n2\n2\n2\debug\rigidbodycomponent.obj
c:\users\compu\desktop\n2\n2\n2\debug\mtx44.obj
c:\users\compu\desktop\n2\n2\n2\debug\memoryleak.obj
c:\users\compu\desktop\n2\n2\n2\debug\matrixstack.obj
c:\users\compu\desktop\n2\n2\n2\debug\camera.obj
c:\users\compu\desktop\n2\n2\n2\debug\application.obj
c:\users\compu\desktop\n2\n2\n2\debug\manager.obj
c:\users\compu\desktop\n2\n2\n2\debug\rendererskybox.obj
c:\users\compu\desktop\n2\n2\n2\debug\skybox.obj
d:\programming\c++\n2\debug\n2.lib
d:\programming\c++\n2\n2\debug\application.obj
d:\programming\c++\n2\n2\debug\batchdata.obj
d:\programming\c++\n2\n2\debug\camera.obj
d:\programming\c++\n2\n2\debug\collidercomponent.obj
d:\programming\c++\n2\n2\debug\component.obj
d:\programming\c++\n2\n2\debug\entity.obj
d:\programming\c++\n2\n2\debug\framebuffer.obj
d:\programming\c++\n2\n2\debug\lightsource.obj
d:\programming\c++\n2\n2\debug\loader.obj
d:\programming\c++\n2\n2\debug\manager.obj
d:\programming\c++\n2\n2\debug\matrixstack.obj
d:\programming\c++\n2\n2\debug\memoryleak.obj
d:\programming\c++\n2\n2\debug\mtx44.obj
d:\programming\c++\n2\n2\debug\particlecomponent.obj
d:\programming\c++\n2\n2\debug\particlesystem.obj
d:\programming\c++\n2\n2\debug\physicssystem.obj
d:\programming\c++\n2\n2\debug\primitives.obj
d:\programming\c++\n2\n2\debug\rendercomponent.obj
d:\programming\c++\n2\n2\debug\renderer.obj
d:\programming\c++\n2\n2\debug\renderergrass.obj
d:\programming\c++\n2\n2\debug\rendererlit.obj
d:\programming\c++\n2\n2\debug\rendererparticle.obj
d:\programming\c++\n2\n2\debug\renderershadow.obj
d:\programming\c++\n2\n2\debug\rendererskybox.obj
d:\programming\c++\n2\n2\debug\rendererterrain.obj
d:\programming\c++\n2\n2\debug\rendersystem.obj
d:\programming\c++\n2\n2\debug\rigidbodycomponent.obj
d:\programming\c++\n2\n2\debug\shaderprogram.obj
d:\programming\c++\n2\n2\debug\terrain.obj
d:\programming\c++\n2\n2\debug\timer.obj
d:\programming\c++\n2\n2\debug\transformcomponent.obj
d:\programming\c++\n2\n2\debug\uicomponent.obj
d:\programming\c++\n2\n2\debug\vector3.obj
d:\programming\c++\n2\n2\debug\n2.idb
d:\programming\c++\n2\n2\debug\n2.pdb
d:\programming\c++\n2\debug\n2.pdb
d:\programming\c++\n2\n2\debug\n2.tlog\cl.command.1.tlog
d:\programming\c++\n2\n2\debug\n2.tlog\cl.read.1.tlog
d:\programming\c++\n2\n2\debug\n2.tlog\cl.write.1.tlog
d:\programming\c++\n2\n2\debug\n2.tlog\lib-link.read.1.tlog
d:\programming\c++\n2\n2\debug\n2.tlog\lib-link.write.1.tlog
d:\programming\c++\n2\n2\debug\n2.tlog\lib.command.1.tlog
