  Application.cpp
  Entity.cpp
  Manager.cpp
c:\program files (x86)\windows kits\10\include\10.0.17134.0\shared\minwindef.h(130): warning C4005: 'APIENTRY': macro redefinition
  c:\users\compu\desktop\n2\n2\n2\dependencies\glfw\include\glfw\glfw3.h(98): note: see previous definition of 'APIENTRY'
c:\users\compu\desktop\n2\n2\n2\source\manager.cpp(103): warning C4244: 'argument': conversion from 'double' to 'float', possible loss of data
c:\users\compu\desktop\n2\n2\n2\source\manager.cpp(108): warning C4244: 'argument': conversion from 'double' to 'float', possible loss of data
c:\users\compu\desktop\n2\n2\n2\source\manager.cpp(113): warning C4244: 'argument': conversion from 'double' to 'float', possible loss of data
c:\users\compu\desktop\n2\n2\n2\source\manager.cpp(118): warning C4244: 'argument': conversion from 'double' to 'float', possible loss of data
  ParticleSystem.cpp
c:\program files (x86)\windows kits\10\include\10.0.17134.0\shared\minwindef.h(130): warning C4005: 'APIENTRY': macro redefinition
  c:\users\compu\desktop\n2\n2\n2\dependencies\glfw\include\glfw\glfw3.h(98): note: see previous definition of 'APIENTRY'
c:\users\compu\desktop\n2\n2\n2\source\particlesystem.cpp(80): warning C4244: 'initializing': conversion from 'double' to 'const float', possible loss of data
c:\users\compu\desktop\n2\n2\n2\source\particlesystem.cpp(106): warning C4018: '<': signed/unsigned mismatch
c:\users\compu\desktop\n2\n2\n2\source\particlesystem.cpp(110): warning C4244: '-=': conversion from 'double' to 'float', possible loss of data
c:\users\compu\desktop\n2\n2\n2\source\particlesystem.cpp(112): warning C4244: 'argument': conversion from 'double' to 'float', possible loss of data
c:\users\compu\desktop\n2\n2\n2\source\particlesystem.cpp(114): warning C4244: '-=': conversion from 'double' to 'float', possible loss of data
c:\users\compu\desktop\n2\n2\n2\source\particlesystem.cpp(143): warning C4018: '<': signed/unsigned mismatch
c:\users\compu\desktop\n2\n2\n2\source\particlesystem.cpp(289): warning C4244: 'initializing': conversion from 'int' to 'float', possible loss of data
c:\users\compu\desktop\n2\n2\n2\source\particlesystem.cpp(290): warning C4244: 'initializing': conversion from 'int' to 'float', possible loss of data
  RenderSystem.cpp
c:\program files (x86)\windows kits\10\include\10.0.17134.0\shared\minwindef.h(130): warning C4005: 'APIENTRY': macro redefinition
  c:\users\compu\desktop\n2\n2\n2\dependencies\glfw\include\glfw\glfw3.h(98): note: see previous definition of 'APIENTRY'
c:\users\compu\desktop\n2\n2\n2\source\rendersystem.cpp(262): warning C4018: '<': signed/unsigned mismatch
c:\users\compu\desktop\n2\n2\n2\source\rendersystem.cpp(267): warning C4018: '<': signed/unsigned mismatch
c:\users\compu\desktop\n2\n2\n2\source\rendersystem.cpp(395): warning C4018: '<': signed/unsigned mismatch
  Renderer.cpp
  RendererGrass.cpp
c:\program files (x86)\windows kits\10\include\10.0.17134.0\shared\minwindef.h(130): warning C4005: 'APIENTRY': macro redefinition
  c:\users\compu\desktop\n2\n2\n2\dependencies\glfw\include\glfw\glfw3.h(98): note: see previous definition of 'APIENTRY'
  RendererLit.cpp
  RendererShadow.cpp
  RendererSkybox.cpp
  Generating Code...
  N2.vcxproj -> C:\Users\compu\Desktop\N2\N2\Debug\N2.exe
