N2.lib(Manager.obj) : error LNK2038: mismatch detected for '_ITERATOR_DEBUG_LEVEL': value '2' doesn't match value '0' in GameApplication.obj
N2.lib(Manager.obj) : error LNK2038: mismatch detected for 'RuntimeLibrary': value 'MDd_DynamicDebug' doesn't match value 'MD_DynamicRelease' in GameApplication.obj
N2.lib(Manager.obj) : warning LNK4075: ignoring '/EDITANDCONTINUE' due to '/OPT:ICF' specification
N2.lib(Application.obj) : error LNK2038: mismatch detected for '_ITERATOR_DEBUG_LEVEL': value '2' doesn't match value '0' in GameApplication.obj
N2.lib(Application.obj) : error LNK2038: mismatch detected for 'RuntimeLibrary': value 'MDd_DynamicDebug' doesn't match value 'MD_DynamicRelease' in GameApplication.obj
N2.lib(MemoryLeak.obj) : error LNK2038: mismatch detected for '_ITERATOR_DEBUG_LEVEL': value '2' doesn't match value '0' in GameApplication.obj
N2.lib(MemoryLeak.obj) : error LNK2038: mismatch detected for 'RuntimeLibrary': value 'MDd_DynamicDebug' doesn't match value 'MD_DynamicRelease' in GameApplication.obj
N2.lib(Vector3.obj) : error LNK2038: mismatch detected for '_ITERATOR_DEBUG_LEVEL': value '2' doesn't match value '0' in GameApplication.obj
N2.lib(Vector3.obj) : error LNK2038: mismatch detected for 'RuntimeLibrary': value 'MDd_DynamicDebug' doesn't match value 'MD_DynamicRelease' in GameApplication.obj
N2.lib(Entity.obj) : error LNK2038: mismatch detected for '_ITERATOR_DEBUG_LEVEL': value '2' doesn't match value '0' in GameApplication.obj
N2.lib(Entity.obj) : error LNK2038: mismatch detected for 'RuntimeLibrary': value 'MDd_DynamicDebug' doesn't match value 'MD_DynamicRelease' in GameApplication.obj
N2.lib(ShaderProgram.obj) : error LNK2038: mismatch detected for '_ITERATOR_DEBUG_LEVEL': value '2' doesn't match value '0' in GameApplication.obj
N2.lib(ShaderProgram.obj) : error LNK2038: mismatch detected for 'RuntimeLibrary': value 'MDd_DynamicDebug' doesn't match value 'MD_DynamicRelease' in GameApplication.obj
N2.lib(Camera.obj) : error LNK2038: mismatch detected for '_ITERATOR_DEBUG_LEVEL': value '2' doesn't match value '0' in GameApplication.obj
N2.lib(Camera.obj) : error LNK2038: mismatch detected for 'RuntimeLibrary': value 'MDd_DynamicDebug' doesn't match value 'MD_DynamicRelease' in GameApplication.obj
N2.lib(TransformComponent.obj) : error LNK2038: mismatch detected for '_ITERATOR_DEBUG_LEVEL': value '2' doesn't match value '0' in GameApplication.obj
N2.lib(TransformComponent.obj) : error LNK2038: mismatch detected for 'RuntimeLibrary': value 'MDd_DynamicDebug' doesn't match value 'MD_DynamicRelease' in GameApplication.obj
N2.lib(PhysicsSystem.obj) : error LNK2038: mismatch detected for '_ITERATOR_DEBUG_LEVEL': value '2' doesn't match value '0' in GameApplication.obj
N2.lib(PhysicsSystem.obj) : error LNK2038: mismatch detected for 'RuntimeLibrary': value 'MDd_DynamicDebug' doesn't match value 'MD_DynamicRelease' in GameApplication.obj
N2.lib(RenderSystem.obj) : error LNK2038: mismatch detected for '_ITERATOR_DEBUG_LEVEL': value '2' doesn't match value '0' in GameApplication.obj
N2.lib(RenderSystem.obj) : error LNK2038: mismatch detected for 'RuntimeLibrary': value 'MDd_DynamicDebug' doesn't match value 'MD_DynamicRelease' in GameApplication.obj
N2.lib(ParticleSystem.obj) : error LNK2038: mismatch detected for '_ITERATOR_DEBUG_LEVEL': value '2' doesn't match value '0' in GameApplication.obj
N2.lib(ParticleSystem.obj) : error LNK2038: mismatch detected for 'RuntimeLibrary': value 'MDd_DynamicDebug' doesn't match value 'MD_DynamicRelease' in GameApplication.obj
N2.lib(Mtx44.obj) : error LNK2038: mismatch detected for '_ITERATOR_DEBUG_LEVEL': value '2' doesn't match value '0' in GameApplication.obj
N2.lib(Mtx44.obj) : error LNK2038: mismatch detected for 'RuntimeLibrary': value 'MDd_DynamicDebug' doesn't match value 'MD_DynamicRelease' in GameApplication.obj
N2.lib(RenderComponent.obj) : error LNK2038: mismatch detected for '_ITERATOR_DEBUG_LEVEL': value '2' doesn't match value '0' in GameApplication.obj
N2.lib(RenderComponent.obj) : error LNK2038: mismatch detected for 'RuntimeLibrary': value 'MDd_DynamicDebug' doesn't match value 'MD_DynamicRelease' in GameApplication.obj
N2.lib(ColliderComponent.obj) : error LNK2038: mismatch detected for '_ITERATOR_DEBUG_LEVEL': value '2' doesn't match value '0' in GameApplication.obj
N2.lib(ColliderComponent.obj) : error LNK2038: mismatch detected for 'RuntimeLibrary': value 'MDd_DynamicDebug' doesn't match value 'MD_DynamicRelease' in GameApplication.obj
N2.lib(RigidbodyComponent.obj) : error LNK2038: mismatch detected for '_ITERATOR_DEBUG_LEVEL': value '2' doesn't match value '0' in GameApplication.obj
N2.lib(RigidbodyComponent.obj) : error LNK2038: mismatch detected for 'RuntimeLibrary': value 'MDd_DynamicDebug' doesn't match value 'MD_DynamicRelease' in GameApplication.obj
N2.lib(ParticleComponent.obj) : error LNK2038: mismatch detected for '_ITERATOR_DEBUG_LEVEL': value '2' doesn't match value '0' in GameApplication.obj
N2.lib(ParticleComponent.obj) : error LNK2038: mismatch detected for 'RuntimeLibrary': value 'MDd_DynamicDebug' doesn't match value 'MD_DynamicRelease' in GameApplication.obj
N2.lib(Component.obj) : error LNK2038: mismatch detected for '_ITERATOR_DEBUG_LEVEL': value '2' doesn't match value '0' in GameApplication.obj
N2.lib(Component.obj) : error LNK2038: mismatch detected for 'RuntimeLibrary': value 'MDd_DynamicDebug' doesn't match value 'MD_DynamicRelease' in GameApplication.obj
N2.lib(MatrixStack.obj) : error LNK2038: mismatch detected for '_ITERATOR_DEBUG_LEVEL': value '2' doesn't match value '0' in GameApplication.obj
N2.lib(MatrixStack.obj) : error LNK2038: mismatch detected for 'RuntimeLibrary': value 'MDd_DynamicDebug' doesn't match value 'MD_DynamicRelease' in GameApplication.obj
N2.lib(LightSource.obj) : error LNK2038: mismatch detected for '_ITERATOR_DEBUG_LEVEL': value '2' doesn't match value '0' in GameApplication.obj
N2.lib(LightSource.obj) : error LNK2038: mismatch detected for 'RuntimeLibrary': value 'MDd_DynamicDebug' doesn't match value 'MD_DynamicRelease' in GameApplication.obj
N2.lib(Renderer.obj) : error LNK2038: mismatch detected for '_ITERATOR_DEBUG_LEVEL': value '2' doesn't match value '0' in GameApplication.obj
N2.lib(Renderer.obj) : error LNK2038: mismatch detected for 'RuntimeLibrary': value 'MDd_DynamicDebug' doesn't match value 'MD_DynamicRelease' in GameApplication.obj
N2.lib(RendererSkybox.obj) : error LNK2038: mismatch detected for '_ITERATOR_DEBUG_LEVEL': value '2' doesn't match value '0' in GameApplication.obj
N2.lib(RendererSkybox.obj) : error LNK2038: mismatch detected for 'RuntimeLibrary': value 'MDd_DynamicDebug' doesn't match value 'MD_DynamicRelease' in GameApplication.obj
N2.lib(RendererParticle.obj) : error LNK2038: mismatch detected for '_ITERATOR_DEBUG_LEVEL': value '2' doesn't match value '0' in GameApplication.obj
N2.lib(RendererParticle.obj) : error LNK2038: mismatch detected for 'RuntimeLibrary': value 'MDd_DynamicDebug' doesn't match value 'MD_DynamicRelease' in GameApplication.obj
N2.lib(Primitives.obj) : error LNK2038: mismatch detected for '_ITERATOR_DEBUG_LEVEL': value '2' doesn't match value '0' in GameApplication.obj
N2.lib(Primitives.obj) : error LNK2038: mismatch detected for 'RuntimeLibrary': value 'MDd_DynamicDebug' doesn't match value 'MD_DynamicRelease' in GameApplication.obj
N2.lib(Loader.obj) : error LNK2038: mismatch detected for '_ITERATOR_DEBUG_LEVEL': value '2' doesn't match value '0' in GameApplication.obj
N2.lib(Loader.obj) : error LNK2038: mismatch detected for 'RuntimeLibrary': value 'MDd_DynamicDebug' doesn't match value 'MD_DynamicRelease' in GameApplication.obj
N2.lib(RendererLit.obj) : error LNK2038: mismatch detected for '_ITERATOR_DEBUG_LEVEL': value '2' doesn't match value '0' in GameApplication.obj
N2.lib(RendererLit.obj) : error LNK2038: mismatch detected for 'RuntimeLibrary': value 'MDd_DynamicDebug' doesn't match value 'MD_DynamicRelease' in GameApplication.obj
N2.lib(RendererShadow.obj) : error LNK2038: mismatch detected for '_ITERATOR_DEBUG_LEVEL': value '2' doesn't match value '0' in GameApplication.obj
N2.lib(RendererShadow.obj) : error LNK2038: mismatch detected for 'RuntimeLibrary': value 'MDd_DynamicDebug' doesn't match value 'MD_DynamicRelease' in GameApplication.obj
N2.lib(RendererGrass.obj) : error LNK2038: mismatch detected for '_ITERATOR_DEBUG_LEVEL': value '2' doesn't match value '0' in GameApplication.obj
N2.lib(RendererGrass.obj) : error LNK2038: mismatch detected for 'RuntimeLibrary': value 'MDd_DynamicDebug' doesn't match value 'MD_DynamicRelease' in GameApplication.obj
LINK : warning LNK4098: defaultlib 'MSVCRTD' conflicts with use of other libs; use /NODEFAULTLIB:library
LINK : warning LNK4098: defaultlib 'LIBCMT' conflicts with use of other libs; use /NODEFAULTLIB:library
N2.lib(Primitives.obj) : error LNK2001: unresolved external symbol __imp___invalid_parameter
N2.lib(Loader.obj) : error LNK2001: unresolved external symbol __imp___invalid_parameter
N2.lib(RendererShadow.obj) : error LNK2001: unresolved external symbol __imp___invalid_parameter
N2.lib(RendererGrass.obj) : error LNK2001: unresolved external symbol __imp___invalid_parameter
N2.lib(LightSource.obj) : error LNK2001: unresolved external symbol __imp___invalid_parameter
N2.lib(Renderer.obj) : error LNK2001: unresolved external symbol __imp___invalid_parameter
N2.lib(RendererSkybox.obj) : error LNK2001: unresolved external symbol __imp___invalid_parameter
N2.lib(RendererParticle.obj) : error LNK2001: unresolved external symbol __imp___invalid_parameter
N2.lib(RigidbodyComponent.obj) : error LNK2001: unresolved external symbol __imp___invalid_parameter
N2.lib(ParticleComponent.obj) : error LNK2001: unresolved external symbol __imp___invalid_parameter
N2.lib(Component.obj) : error LNK2001: unresolved external symbol __imp___invalid_parameter
N2.lib(MatrixStack.obj) : error LNK2001: unresolved external symbol __imp___invalid_parameter
N2.lib(RenderSystem.obj) : error LNK2001: unresolved external symbol __imp___invalid_parameter
N2.lib(ParticleSystem.obj) : error LNK2001: unresolved external symbol __imp___invalid_parameter
N2.lib(RenderComponent.obj) : error LNK2001: unresolved external symbol __imp___invalid_parameter
N2.lib(ColliderComponent.obj) : error LNK2001: unresolved external symbol __imp___invalid_parameter
N2.lib(Entity.obj) : error LNK2001: unresolved external symbol __imp___invalid_parameter
N2.lib(ShaderProgram.obj) : error LNK2001: unresolved external symbol __imp___invalid_parameter
N2.lib(TransformComponent.obj) : error LNK2001: unresolved external symbol __imp___invalid_parameter
N2.lib(PhysicsSystem.obj) : error LNK2001: unresolved external symbol __imp___invalid_parameter
N2.lib(Manager.obj) : error LNK2001: unresolved external symbol __imp___invalid_parameter
N2.lib(Application.obj) : error LNK2001: unresolved external symbol __imp___invalid_parameter
N2.lib(MemoryLeak.obj) : error LNK2001: unresolved external symbol __imp___invalid_parameter
N2.lib(Vector3.obj) : error LNK2001: unresolved external symbol __imp___invalid_parameter
N2.lib(Primitives.obj) : error LNK2001: unresolved external symbol __imp___CrtDbgReportW
N2.lib(Loader.obj) : error LNK2001: unresolved external symbol __imp___CrtDbgReportW
N2.lib(RendererShadow.obj) : error LNK2001: unresolved external symbol __imp___CrtDbgReportW
N2.lib(RendererGrass.obj) : error LNK2001: unresolved external symbol __imp___CrtDbgReportW
N2.lib(LightSource.obj) : error LNK2001: unresolved external symbol __imp___CrtDbgReportW
N2.lib(Renderer.obj) : error LNK2001: unresolved external symbol __imp___CrtDbgReportW
N2.lib(RendererSkybox.obj) : error LNK2001: unresolved external symbol __imp___CrtDbgReportW
N2.lib(RendererParticle.obj) : error LNK2001: unresolved external symbol __imp___CrtDbgReportW
N2.lib(RigidbodyComponent.obj) : error LNK2001: unresolved external symbol __imp___CrtDbgReportW
N2.lib(ParticleComponent.obj) : error LNK2001: unresolved external symbol __imp___CrtDbgReportW
N2.lib(Component.obj) : error LNK2001: unresolved external symbol __imp___CrtDbgReportW
N2.lib(MatrixStack.obj) : error LNK2001: unresolved external symbol __imp___CrtDbgReportW
N2.lib(RenderSystem.obj) : error LNK2001: unresolved external symbol __imp___CrtDbgReportW
N2.lib(ParticleSystem.obj) : error LNK2001: unresolved external symbol __imp___CrtDbgReportW
N2.lib(RenderComponent.obj) : error LNK2001: unresolved external symbol __imp___CrtDbgReportW
N2.lib(ColliderComponent.obj) : error LNK2001: unresolved external symbol __imp___CrtDbgReportW
N2.lib(Entity.obj) : error LNK2001: unresolved external symbol __imp___CrtDbgReportW
N2.lib(ShaderProgram.obj) : error LNK2001: unresolved external symbol __imp___CrtDbgReportW
N2.lib(TransformComponent.obj) : error LNK2001: unresolved external symbol __imp___CrtDbgReportW
N2.lib(PhysicsSystem.obj) : error LNK2001: unresolved external symbol __imp___CrtDbgReportW
N2.lib(Manager.obj) : error LNK2001: unresolved external symbol __imp___CrtDbgReportW
N2.lib(Application.obj) : error LNK2001: unresolved external symbol __imp___CrtDbgReportW
N2.lib(MemoryLeak.obj) : error LNK2001: unresolved external symbol __imp___CrtDbgReportW
N2.lib(Vector3.obj) : error LNK2001: unresolved external symbol __imp___CrtDbgReportW
C:\Users\compu\Desktop\N2\N2\Release\Base.exe : fatal error LNK1120: 2 unresolved externals
